<?xml version="1.0" encoding="UTF-8"?>
<!-- Generated by org.testng.reporters.JUnitReportReporter -->
<testsuite skipped="0" hostname="LIN34001428" name="com.seleniummavenproject.test.BaseTest" tests="3" failures="0" timestamp="10 May 2018 18:32:49 GMT" time="12.894" errors="0">
  <testcase name="verifyCapgemini" time="4.956" classname="com.seleniummavenproject.test.BaseTest"/>
  <testcase name="verifyNegativeString" time="5.278" classname="com.seleniummavenproject.test.BaseTest"/>
  <testcase name="VerifyMainPageRendered" time="2.660" classname="com.seleniummavenproject.test.BaseTest"/>
</testsuite> <!-- com.seleniummavenproject.test.BaseTest -->
