<?xml version="1.0" encoding="UTF-8"?>
<!-- Generated by org.testng.reporters.JUnitReportReporter -->
<testsuite skipped="0" hostname="LIN34001428" name="com.seleniummavenproject.test.BaseTest" tests="3" failures="0" timestamp="14 May 2018 05:44:21 GMT" time="14.575" errors="0">
  <testcase name="VerifyMainPageRendered" time="3.165" classname="com.seleniummavenproject.test.BaseTest"/>
  <testcase name="verifyCapgemini" time="6.163" classname="com.seleniummavenproject.test.BaseTest"/>
  <testcase name="verifyNegativeString" time="5.247" classname="com.seleniummavenproject.test.BaseTest"/>
</testsuite> <!-- com.seleniummavenproject.test.BaseTest -->
